[
{'start_addr': 25 },
{'index': 0, 'value': 12, 'opcode': 'nop'},
{'index': 1, 'value': 'H', 'opcode': 'nop'},
{'index': 2, 'value': 'e', 'opcode': 'nop'},
{'index': 3, 'value': 'l', 'opcode': 'nop'},
{'index': 4, 'value': 'l', 'opcode': 'nop'},
{'index': 5, 'value': 'o', 'opcode': 'nop'},
{'index': 6, 'value': ' ', 'opcode': 'nop'},
{'index': 7, 'value': 'w', 'opcode': 'nop'},
{'index': 8, 'value': 'o', 'opcode': 'nop'},
{'index': 9, 'value': 'r', 'opcode': 'nop'},
{'index': 10, 'value': 'l', 'opcode': 'nop'},
{'index': 11, 'value': 'd', 'opcode': 'nop'},
{'index': 12, 'value': '!', 'opcode': 'nop'},
{'index': 13, 'value': 0, 'opcode': 'nop'},
{'index': 14, 'value': 0, 'opcode': 'nop'},
{'index': 15, 'value': 2047, 'opcode': 'nop'},
{'index': 25, 'opcode': 'load', 'operand': 0, 'value': 0, 'address': False},
{'index': 26, 'opcode': 'store', 'operand': 14, 'value': 0, 'address': False},
{'index': 27, 'opcode': 'load', 'operand': 13, 'value': 0, 'address': False},
{'index': 28, 'opcode': 'inc', 'value': 0},
{'index': 29, 'opcode': 'store', 'operand': 13, 'value': 0, 'address': False},
{'index': 30, 'opcode': 'load', 'operand': 13, 'value': 0, 'address': True},
{'index': 31, 'opcode': 'store', 'operand': 15, 'value': 0, 'address': True},
{'index': 32, 'opcode': 'load', 'operand': 14, 'value': 0, 'address': False},
{'index': 33, 'opcode': 'dec', 'value': 0},
{'index': 34, 'opcode': 'store', 'operand': 14, 'value': 0, 'address': False},
{'index': 35, 'opcode': 'jmz', 'operand': 37, 'value': 0, 'address': False},
{'index': 36, 'opcode': 'jmp', 'operand': 27, 'value': 0, 'address': False},
{'index': 37, 'opcode': 'hlt', 'value': 0}]
